<?xml version="1.0" encoding="UTF-8"?>
<testsuite xmlns:xsi="http://www.w3.org/2001/XMLSchema-instance" xsi:noNamespaceSchemaLocation="https://maven.apache.org/surefire/maven-surefire-plugin/xsd/surefire-test-report-3.0.xsd" version="3.0" name="poker.MaoTest" time="0.169" tests="16" errors="0" skipped="0" failures="0">
  <properties>
[...]
</properties>
  <testcase name="testStraight" classname="poker.MaoTest" time="0.043"/>
  <testcase name="testDoisPares" classname="poker.MaoTest" time="0.008"/>
  <testcase name="testRoyalStraightFlush" classname="poker.MaoTest" time="0.002"/>
  <testcase name="testTemSequenciaAlta" classname="poker.MaoTest" time="0.003"/>
  <testcase name="testMaoComDuasCartasRepetidas" classname="poker.MaoTest" time="0.005"/>
  <testcase name="testFlush" classname="poker.MaoTest" time="0.002"/>
  <testcase name="testNada" classname="poker.MaoTest" time="0.002"/>
  <testcase name="testFullHouse" classname="poker.MaoTest" time="0.001"/>
  <testcase name="testSaberSeTodasAsCartasTemOMesmoNaipeComNaipesDiferentes" classname="poker.MaoTest" time="0.002"/>
  <testcase name="testStraightFlush" classname="poker.MaoTest" time="0.005"/>
  <testcase name="testTemSequenciaComNaipesDifentes" classname="poker.MaoTest" time="0.001"/>
  <testcase name="testSaberSeTodasAsCartasTemOMesmoNaipe" classname="poker.MaoTest" time="0.005"/>
  <testcase name="testTrincaComMaoComTrinca" classname="poker.MaoTest" time="0.001"/>
  <testcase name="testTrincaComMaoSemTrinca" classname="poker.MaoTest" time="0.001"/>
  <testcase name="testQuadra" classname="poker.MaoTest" time="0.001"/>
  <testcase name="testTrinca" classname="poker.MaoTest" time="0.001"/>
</testsuite>